# JRE version: OpenJDK Runtime Environment (11.0.8+10) (build 11.0.8+10-b944.6842174)
# Java VM: OpenJDK 64-Bit Server VM (11.0.8+10-b944.6842174, mixed mode, tiered, compressed oops, g1 gc, windows-amd64)
Heap:
 garbage-first heap   total 131072K, used 88794K [0x0000000080000000, 0x0000000100000000)
  region size 1024K, 15 young (15360K), 1 survivors (1024K)
 Metaspace       used 82913K, capacity 84768K, committed 85196K, reserved 1122304K
  class space    used 10659K, capacity 11319K, committed 11468K, reserved 1048576K
GC Heap History (20 events):
Event: 25.256 GC heap before
{Heap before GC invocations=14 (full 0):
 garbage-first heap   total 131072K, used 96076K [0x0000000080000000, 0x0000000100000000)
  region size 1024K, 50 young (51200K), 6 survivors (6144K)
 Metaspace       used 66595K, capacity 68041K, committed 68300K, reserved 1107968K
  class space    used 8602K, capacity 9110K, committed 9164K, reserved 1048576K
}
Event: 25.263 GC heap after
{Heap after GC invocations=15 (full 0):
 garbage-first heap   total 131072K, used 53828K [0x0000000080000000, 0x0000000100000000)
  region size 1024K, 4 young (4096K), 4 survivors (4096K)
 Metaspace       used 66595K, capacity 68041K, committed 68300K, reserved 1107968K
  class space    used 8602K, capacity 9110K, committed 9164K, reserved 1048576K
}
Event: 26.684 GC heap before
{Heap before GC invocations=15 (full 0):
 garbage-first heap   total 131072K, used 98884K [0x0000000080000000, 0x0000000100000000)
  region size 1024K, 48 young (49152K), 4 survivors (4096K)
 Metaspace       used 70822K, capacity 72485K, committed 72652K, reserved 1112064K
  class space    used 9223K, capacity 9808K, committed 9932K, reserved 1048576K
}
Event: 26.690 GC heap after
{Heap after GC invocations=16 (full 0):
 garbage-first heap   total 131072K, used 56645K [0x0000000080000000, 0x0000000100000000)
  region size 1024K, 6 young (6144K), 6 survivors (6144K)
 Metaspace       used 70822K, capacity 72485K, committed 72652K, reserved 1112064K
  class space    used 9223K, capacity 9808K, committed 9932K, reserved 1048576K
}
Event: 27.746 GC heap before
{Heap before GC invocations=16 (full 0):
 garbage-first heap   total 131072K, used 101701K [0x0000000080000000, 0x0000000100000000)
  region size 1024K, 50 young (51200K), 6 survivors (6144K)
 Metaspace       used 76062K, capacity 77737K, committed 77900K, reserved 1116160K
  class space    used 9862K, capacity 10452K, committed 10572K, reserved 1048576K
}
Event: 27.753 GC heap after
{Heap after GC invocations=17 (full 0):
 garbage-first heap   total 131072K, used 59180K [0x0000000080000000, 0x0000000100000000)
  region size 1024K, 6 young (6144K), 6 survivors (6144K)
 Metaspace       used 76062K, capacity 77737K, committed 77900K, reserved 1116160K
  class space    used 9862K, capacity 10452K, committed 10572K, reserved 1048576K
}
Event: 30.522 GC heap before
{Heap before GC invocations=17 (full 0):
 garbage-first heap   total 131072K, used 103212K [0x0000000080000000, 0x0000000100000000)
  region size 1024K, 50 young (51200K), 6 survivors (6144K)
 Metaspace       used 78223K, capacity 80178K, committed 80332K, reserved 1118208K
  class space    used 10188K, capacity 10882K, committed 10956K, reserved 1048576K
}
Event: 30.529 GC heap after
{Heap after GC invocations=18 (full 0):
 garbage-first heap   total 131072K, used 61893K [0x0000000080000000, 0x0000000100000000)
  region size 1024K, 6 young (6144K), 6 survivors (6144K)
 Metaspace       used 78223K, capacity 80178K, committed 80332K, reserved 1118208K
  class space    used 10188K, capacity 10882K, committed 10956K, reserved 1048576K
}
Event: 31.708 GC heap before
{Heap before GC invocations=18 (full 0):
 garbage-first heap   total 131072K, used 105925K [0x0000000080000000, 0x0000000100000000)
  region size 1024K, 48 young (49152K), 6 survivors (6144K)
 Metaspace       used 79595K, capacity 81555K, committed 81740K, reserved 1120256K
  class space    used 10336K, capacity 11016K, committed 11084K, reserved 1048576K
}
Event: 31.721 GC heap after
{Heap after GC invocations=19 (full 0):
 garbage-first heap   total 131072K, used 73867K [0x0000000080000000, 0x0000000100000000)
  region size 1024K, 6 young (6144K), 6 survivors (6144K)
 Metaspace       used 79595K, capacity 81555K, committed 81740K, reserved 1120256K
  class space    used 10336K, capacity 11016K, committed 11084K, reserved 1048576K
}
Event: 31.949 GC heap before
{Heap before GC invocations=19 (full 0):
 garbage-first heap   total 131072K, used 85131K [0x0000000080000000, 0x0000000100000000)
  region size 1024K, 19 young (19456K), 6 survivors (6144K)
 Metaspace       used 79805K, capacity 81779K, committed 81996K, reserved 1120256K
  class space    used 10350K, capacity 11048K, committed 11084K, reserved 1048576K
}
Event: 31.976 GC heap after
{Heap after GC invocations=20 (full 0):
 garbage-first heap   total 131072K, used 80691K [0x0000000080000000, 0x0000000100000000)
  region size 1024K, 5 young (5120K), 5 survivors (5120K)
 Metaspace       used 79805K, capacity 81779K, committed 81996K, reserved 1120256K
  class space    used 10350K, capacity 11048K, committed 11084K, reserved 1048576K
}
Event: 32.725 GC heap before
{Heap before GC invocations=21 (full 0):
 garbage-first heap   total 131072K, used 113459K [0x0000000080000000, 0x0000000100000000)
  region size 1024K, 23 young (23552K), 5 survivors (5120K)
 Metaspace       used 81525K, capacity 83506K, committed 83788K, reserved 1122304K
  class space    used 10529K, capacity 11247K, committed 11340K, reserved 1048576K
}
Event: 32.731 GC heap after
{Heap after GC invocations=22 (full 0):
 garbage-first heap   total 131072K, used 82633K [0x0000000080000000, 0x0000000100000000)
  region size 1024K, 2 young (2048K), 2 survivors (2048K)
 Metaspace       used 81525K, capacity 83506K, committed 83788K, reserved 1122304K
  class space    used 10529K, capacity 11247K, committed 11340K, reserved 1048576K
}
Event: 33.317 GC heap before
{Heap before GC invocations=22 (full 0):
 garbage-first heap   total 131072K, used 100041K [0x0000000080000000, 0x0000000100000000)
  region size 1024K, 20 young (20480K), 2 survivors (2048K)
 Metaspace       used 81640K, capacity 83675K, committed 83788K, reserved 1122304K
  class space    used 10539K, capacity 11254K, committed 11340K, reserved 1048576K
}
Event: 33.321 GC heap after
{Heap after GC invocations=23 (full 0):
 garbage-first heap   total 131072K, used 83299K [0x0000000080000000, 0x0000000100000000)
  region size 1024K, 3 young (3072K), 3 survivors (3072K)
 Metaspace       used 81640K, capacity 83675K, committed 83788K, reserved 1122304K
  class space    used 10539K, capacity 11254K, committed 11340K, reserved 1048576K
}
Event: 33.983 GC heap before
{Heap before GC invocations=24 (full 0):
 garbage-first heap   total 131072K, used 101731K [0x0000000080000000, 0x0000000100000000)
  region size 1024K, 22 young (22528K), 3 survivors (3072K)
 Metaspace       used 82544K, capacity 84399K, committed 84684K, reserved 1122304K
  class space    used 10611K, capacity 11287K, committed 11468K, reserved 1048576K
}
Event: 33.987 GC heap after
{Heap after GC invocations=25 (full 0):
 garbage-first heap   total 131072K, used 84406K [0x0000000080000000, 0x0000000100000000)
  region size 1024K, 3 young (3072K), 3 survivors (3072K)
 Metaspace       used 82544K, capacity 84399K, committed 84684K, reserved 1122304K
  class space    used 10611K, capacity 11287K, committed 11468K, reserved 1048576K
}
Event: 34.020 GC heap before
{Heap before GC invocations=25 (full 0):
 garbage-first heap   total 131072K, used 87478K [0x0000000080000000, 0x0000000100000000)
  region size 1024K, 6 young (6144K), 3 survivors (3072K)
 Metaspace       used 82622K, capacity 84465K, committed 84940K, reserved 1122304K
  class space    used 10622K, capacity 11287K, committed 11468K, reserved 1048576K
}
Event: 34.027 GC heap after
{Heap after GC invocations=26 (full 0):
 garbage-first heap   total 131072K, used 76506K [0x0000000080000000, 0x0000000100000000)
  region size 1024K, 1 young (1024K), 1 survivors (1024K)
 Metaspace       used 82622K, capacity 84465K, committed 84940K, reserved 1122304K
  class space    used 10622K, capacity 11287K, committed 11468K, reserved 1048576K
}

